<?xml version="1.0" encoding="UTF-8"?>
<!-- Generated by org.testng.reporters.JUnitReportReporter -->
<testsuite hostname="HP-CORE-i7" failures="0" tests="2" name="com.testng.practice.PracticeTestNGMethods" time="0.005" errors="0" timestamp="2023-10-31T18:48:11 EDT" skipped="0">
  <testcase classname="com.testng.practice.PracticeTestNGMethods" name="login" time="0.004"/>
  <testcase classname="com.testng.practice.PracticeTestNGMethods" name="payment" time="0.001"/>
</testsuite> <!-- com.testng.practice.PracticeTestNGMethods -->
